[GIN-debug] [WARNING] Creating an Engine instance with the Logger and Recovery middleware already attached.

[GIN-debug] [WARNING] Running in "debug" mode. Switch to "release" mode in production.
 - using env:	export GIN_MODE=release
 - using code:	gin.SetMode(gin.ReleaseMode)

[GIN-debug] GET    /                         --> main.IndexHandler (4 handlers)
[GIN-debug] GET    /web/*filepath            --> github.com/gin-gonic/gin.(*RouterGroup).createStaticHandler.func1 (4 handlers)
[GIN-debug] HEAD   /web/*filepath            --> github.com/gin-gonic/gin.(*RouterGroup).createStaticHandler.func1 (4 handlers)
[GIN-debug] GET    /info                     --> main.InfoHandler (4 handlers)
[GIN-debug] GET    /api/wechat               --> obcsapi-go/wechat.WeChatMpHandlers (4 handlers)
[GIN-debug] POST   /api/wechat               --> obcsapi-go/wechat.WeChatMpHandlers (4 handlers)
[GIN-debug] PUT    /api/wechat               --> obcsapi-go/wechat.WeChatMpHandlers (4 handlers)
[GIN-debug] PATCH  /api/wechat               --> obcsapi-go/wechat.WeChatMpHandlers (4 handlers)
[GIN-debug] HEAD   /api/wechat               --> obcsapi-go/wechat.WeChatMpHandlers (4 handlers)
[GIN-debug] OPTIONS /api/wechat               --> obcsapi-go/wechat.WeChatMpHandlers (4 handlers)
[GIN-debug] DELETE /api/wechat               --> obcsapi-go/wechat.WeChatMpHandlers (4 handlers)
[GIN-debug] CONNECT /api/wechat               --> obcsapi-go/wechat.WeChatMpHandlers (4 handlers)
[GIN-debug] TRACE  /api/wechat               --> obcsapi-go/wechat.WeChatMpHandlers (4 handlers)
[GIN-debug] GET    /api/workwechat           --> obcsapi-go/wechat.WorkWechatVerifyURL (4 handlers)
[GIN-debug] POST   /api/workwechat           --> obcsapi-go/wechat.WorkWechatMsgHandler (4 handlers)
[GIN-debug] POST   /api/wechatmpmsg          --> main.WeChatMpInfoHandler (5 handlers)
[GIN-debug] POST   /api/sendmail             --> main.SendMailHandler (5 handlers)
[GIN-debug] POST   /api/workwechatmsg        --> main.WorkWeChatMpInfoHandler (5 handlers)
[GIN-debug] POST   /ob/fv                    --> obcsapi-go/apps.FvHandler (5 handlers)
[GIN-debug] POST   /ob/sr/webhook            --> obcsapi-go/apps.SRWebHook (5 handlers)
[GIN-debug] POST   /ob/general               --> main.GeneralHeader (5 handlers)
[GIN-debug] POST   /ob/url                   --> main.Url2MdHandler (5 handlers)
[GIN-debug] POST   /ob/generalall            --> main.GeneralPostAllHandler (5 handlers)
[GIN-debug] GET    /ob/generalall            --> main.GeneralGetAllHandler (5 handlers)
[GIN-debug] GET    /ob/today                 --> main.ObGetTodayDailyHandler (5 handlers)
[GIN-debug] PUT    /ob/today                 --> main.ObTodayPutHandler (5 handlers)
[GIN-debug] POST   /ob/today                 --> main.ObTodayPostHandler (5 handlers)
[GIN-debug] POST   /ob/general/*paramtoken   --> main.GeneralHeader2 (5 handlers)
[GIN-debug] POST   /ob/moonreader            --> obcsapi-go/apps.MoodReaderHandler (5 handlers)
[GIN-debug] GET    /public/*fileName         --> main.ObsidianPublicFiles (4 handlers)
[GIN-debug] POST   /login                    --> obcsapi-go/auth.LoginHandler (5 handlers)
[GIN-debug] GET    /auth/oauth2-set          --> obcsapi-go/auth.InitiateOAuthFlowAndSetState (6 handlers)
[GIN-debug] GET    /auth/oauth2-login        --> obcsapi-go/auth.InitiateOAuthFlow (5 handlers)
[GIN-debug] POST   /auth/oauth2-login-bycode --> obcsapi-go/auth.LoginByCodeHandler (5 handlers)
[GIN-debug] GET    /auth/oauth2-callback     --> obcsapi-go/auth.HandleCallback (5 handlers)
[GIN-debug] POST   /api/upload               --> main.ImagesHostUplaodHanler (5 handlers)
[GIN-debug] GET    /images/*filepath         --> github.com/gin-gonic/gin.(*RouterGroup).createStaticHandler.func1 (4 handlers)
[GIN-debug] HEAD   /images/*filepath         --> github.com/gin-gonic/gin.(*RouterGroup).createStaticHandler.func1 (4 handlers)
[GIN-debug] GET    /api/v1/sayHello          --> main.JwtHello (7 handlers)
[GIN-debug] GET    /api/v1/daily             --> main.ObV1GetDailyHandler (7 handlers)
[GIN-debug] GET    /api/v1/daily/nocache     --> main.ObV1GetDailyNoCacheHandler (7 handlers)
[GIN-debug] POST   /api/v1/line              --> main.ObV1PostLineHandler (7 handlers)
[GIN-debug] POST   /api/v1/cacheupdate       --> main.ObV1UpdateCacheHandler (7 handlers)
[GIN-debug] POST   /api/v1/upload            --> main.ImagesHostUplaodHanler (7 handlers)
[GIN-debug] GET    /api/v1/config            --> obcsapi-go/tools.GetRunConfigHandler (7 handlers)
[GIN-debug] POST   /api/v1/config            --> obcsapi-go/tools.PostConfigHandler (8 handlers)
[GIN-debug] GET    /api/v1/config/reset      --> obcsapi-go/tools.ResetRunConfigHandler (8 handlers)
[GIN-debug] GET    /api/v1/updateconfig      --> main.UpdateViperHandler (8 handlers)
[GIN-debug] GET    /api/v1/updatebd          --> main.UpdateBdAccessTokenHandler (7 handlers)
[GIN-debug] GET    /api/v1/mailtest          --> main.MailTesterHandler (7 handlers)
[GIN-debug] POST   /api/v1/talk              --> obcsapi-go/talk.TalkHandler (7 handlers)
[GIN-debug] POST   /api/v1/form              --> main.FormPostHandler (7 handlers)
[GIN-debug] GET    /api/v1/mention           --> main.GetMentionHandler (7 handlers)
[GIN-debug] GET    /api/v1/random            --> main.RandomMemosHandler (7 handlers)
[GIN-debug] GET    /api/v1/list              --> main.LisFileHandler (8 handlers)
[GIN-debug] GET    /api/v1/text              --> main.TextGetHandler (8 handlers)
[GIN-debug] POST   /api/v1/text              --> main.TextPostHandler (8 handlers)
[GIN-debug] POST   /api/v1/search            --> main.KvSerchHandler (8 handlers)
[GIN-debug] GET    /api/runner/*path         --> main.CommandHandler (7 handlers)
[GIN-debug] POST   /api/runner/*path         --> main.CommandHandler (7 handlers)
[GIN-debug] PUT    /api/runner/*path         --> main.CommandHandler (7 handlers)
[GIN-debug] PATCH  /api/runner/*path         --> main.CommandHandler (7 handlers)
[GIN-debug] HEAD   /api/runner/*path         --> main.CommandHandler (7 handlers)
[GIN-debug] OPTIONS /api/runner/*path         --> main.CommandHandler (7 handlers)
[GIN-debug] DELETE /api/runner/*path         --> main.CommandHandler (7 handlers)
[GIN-debug] CONNECT /api/runner/*path         --> main.CommandHandler (7 handlers)
[GIN-debug] TRACE  /api/runner/*path         --> main.CommandHandler (7 handlers)
[GIN-debug] GET    /ob/file                  --> main.ObFileHanlder (6 handlers)
[GIN-debug] GET    /swagger/*any             --> github.com/swaggo/gin-swagger.CustomWrapHandler.func1 (6 handlers)
[GIN-debug] [WARNING] You trusted all proxies, this is NOT safe. We recommend you to set a value.
Please check https://pkg.go.dev/github.com/gin-gonic/gin#readme-don-t-trust-all-proxies for details.
[GIN-debug] Listening and serving HTTP on 0.0.0.0:8900
[GIN] 2025/03/04 - 19:55:26 | 401 |       537.2µs |       127.0.0.1 | POST     "/ob/url"
[GIN] 2025/03/04 - 20:00:08 | 200 |    784.7197ms |       127.0.0.1 | POST     "/ob/url"
